{
    "service": {
        "serviceArn": "arn:aws:ecs:eu-west-2:661157442746:service/sotd-ecs-service",
        "serviceName": "sotd-ecs-service",
        "clusterArn": "arn:aws:ecs:eu-west-2:661157442746:cluster/sotd-cluster",
        "loadBalancers": [],
        "serviceRegistries": [],
        "status": "ACTIVE",
        "desiredCount": 1,
        "runningCount": 1,
        "pendingCount": 0,
        "launchType": "EC2",
        "taskDefinition": "arn:aws:ecs:eu-west-2:661157442746:task-definition/sotd-definition:12",
        "deploymentConfiguration": {
            "maximumPercent": 100,
            "minimumHealthyPercent": 0
        },
        "deployments": [
            {
                "id": "ecs-svc/5389539206924499357",
                "status": "PRIMARY",
                "taskDefinition": "arn:aws:ecs:eu-west-2:661157442746:task-definition/sotd-definition:12",
                "desiredCount": 1,
                "pendingCount": 0,
                "runningCount": 0,
                "createdAt": "2020-04-14T19:37:32.515000+01:00",
                "updatedAt": "2020-04-14T19:37:32.515000+01:00",
                "launchType": "EC2"
            },
            {
                "id": "ecs-svc/8995630231133675168",
                "status": "ACTIVE",
                "taskDefinition": "arn:aws:ecs:eu-west-2:661157442746:task-definition/sotd-definition:12",
                "desiredCount": 1,
                "pendingCount": 0,
                "runningCount": 1,
                "createdAt": "2020-04-14T19:34:59.658000+01:00",
                "updatedAt": "2020-04-14T19:35:56.154000+01:00",
                "launchType": "EC2"
            }
        ],
        "events": [
            {
                "id": "0a05e917-9b67-4ca3-872e-d793b1c001bf",
                "createdAt": "2020-04-14T19:35:56.161000+01:00",
                "message": "(service sotd-ecs-service) has reached a steady state."
            },
            {
                "id": "76f93085-4979-4e18-b0aa-2575691c65e0",
                "createdAt": "2020-04-14T19:35:45.859000+01:00",
                "message": "(service sotd-ecs-service) has started 1 tasks: (task cb0779b9-db60-4565-8b31-a98993439f08)."
            },
            {
                "id": "22842064-88e0-44ee-90cd-fd3feae0a807",
                "createdAt": "2020-04-14T19:35:28.733000+01:00",
                "message": "(service sotd-ecs-service) has stopped 1 running tasks: (task b527dc1f-3c0d-4961-bbf0-12154bf9a4ac)."
            },
            {
                "id": "72297735-f1fd-4e2e-8337-764b10dffc08",
                "createdAt": "2020-04-14T19:34:39.491000+01:00",
                "message": "(service sotd-ecs-service) has started 1 tasks: (task b527dc1f-3c0d-4961-bbf0-12154bf9a4ac)."
            },
            {
                "id": "19f0e80f-699d-48fa-b8e3-e161dcefd76c",
                "createdAt": "2020-04-14T19:34:30.366000+01:00",
                "message": "(service sotd-ecs-service) has stopped 1 running tasks: (task 1c16968a-7e73-477b-8cb2-560e543a3a1b)."
            },
            {
                "id": "14cb83de-7d1a-4790-94dc-f8698de3e8bf",
                "createdAt": "2020-04-14T19:33:47.317000+01:00",
                "message": "(service sotd-ecs-service) has reached a steady state."
            },
            {
                "id": "0e14db0f-edab-4cd9-9870-76176888ceb9",
                "createdAt": "2020-04-14T19:33:37.748000+01:00",
                "message": "(service sotd-ecs-service) has started 1 tasks: (task 1c16968a-7e73-477b-8cb2-560e543a3a1b)."
            },
            {
                "id": "1308cddb-4590-4623-ac74-03d43d29eca2",
                "createdAt": "2020-04-14T19:33:27.897000+01:00",
                "message": "(service sotd-ecs-service) has stopped 1 running tasks: (task 130f8758-93b4-4172-adb8-5148dc71615e)."
            },
            {
                "id": "652420b2-a231-478f-b706-78bb61fd629f",
                "createdAt": "2020-04-14T19:31:28.193000+01:00",
                "message": "(service sotd-ecs-service) has reached a steady state."
            },
            {
                "id": "e5e8c701-6bbe-42a8-b6dc-803046f885f5",
                "createdAt": "2020-04-14T19:31:17.686000+01:00",
                "message": "(service sotd-ecs-service) has started 1 tasks: (task 130f8758-93b4-4172-adb8-5148dc71615e)."
            },
            {
                "id": "1c46a947-e6ba-4141-88e9-738c405c17db",
                "createdAt": "2020-04-14T19:31:10.493000+01:00",
                "message": "(service sotd-ecs-service) has stopped 1 running tasks: (task b375c958-e667-4dea-997c-995cbe07ab1a)."
            },
            {
                "id": "7b04c0d0-99d4-4a28-bebc-d3f750e0d913",
                "createdAt": "2020-04-14T19:30:38.427000+01:00",
                "message": "(service sotd-ecs-service) has reached a steady state."
            },
            {
                "id": "1253ff9d-f3ac-4546-a13a-922a9486c332",
                "createdAt": "2020-04-14T19:30:26.917000+01:00",
                "message": "(service sotd-ecs-service) has started 1 tasks: (task b375c958-e667-4dea-997c-995cbe07ab1a)."
            },
            {
                "id": "43cafff3-f098-42d6-84bb-1a8175eeda33",
                "createdAt": "2020-04-14T19:30:16.592000+01:00",
                "message": "(service sotd-ecs-service) has stopped 1 running tasks: (task 0ddb120c-fa00-40d0-b252-1ec4c7193d28)."
            },
            {
                "id": "c73bf0b0-1139-4ff8-b274-677e782d1e6c",
                "createdAt": "2020-04-14T19:29:40.139000+01:00",
                "message": "(service sotd-ecs-service) has reached a steady state."
            },
            {
                "id": "3e25e6b9-6269-4a7c-9453-78c634430003",
                "createdAt": "2020-04-14T19:29:30.725000+01:00",
                "message": "(service sotd-ecs-service) has started 1 tasks: (task 0ddb120c-fa00-40d0-b252-1ec4c7193d28)."
            },
            {
                "id": "b3e44def-443e-440f-9185-e57a823e6f0e",
                "createdAt": "2020-04-14T19:29:21.035000+01:00",
                "message": "(service sotd-ecs-service) has stopped 1 running tasks: (task fb0865f0-ee85-480d-bc9e-103ada7d57ef)."
            },
            {
                "id": "080ab26e-7259-497a-a884-bfe8906e54d1",
                "createdAt": "2020-04-14T19:27:49.787000+01:00",
                "message": "(service sotd-ecs-service) has reached a steady state."
            },
            {
                "id": "ef68f159-3970-47b7-88b0-e181ccf09601",
                "createdAt": "2020-04-14T19:27:37.319000+01:00",
                "message": "(service sotd-ecs-service) has started 1 tasks: (task fb0865f0-ee85-480d-bc9e-103ada7d57ef)."
            },
            {
                "id": "1fece198-54cf-46d4-a30f-e5d89e0a7ada",
                "createdAt": "2020-04-14T19:27:27.499000+01:00",
                "message": "(service sotd-ecs-service) has stopped 1 running tasks: (task 85722ca6-9f14-472f-b458-435a0be92486)."
            },
            {
                "id": "d3fff52f-65a1-4e17-b339-5fc172f76b54",
                "createdAt": "2020-04-14T19:26:38.286000+01:00",
                "message": "(service sotd-ecs-service) has reached a steady state."
            },
            {
                "id": "d5aebe54-e831-4432-911a-534cd3ecd93c",
                "createdAt": "2020-04-14T19:26:29.280000+01:00",
                "message": "(service sotd-ecs-service) has started 1 tasks: (task 85722ca6-9f14-472f-b458-435a0be92486)."
            },
            {
                "id": "4bd1f1a3-59b6-4a59-90ef-fb6ab32b58cc",
                "createdAt": "2020-04-14T19:26:19.994000+01:00",
                "message": "(service sotd-ecs-service) has stopped 1 running tasks: (task ec4d5be0-bd56-4df0-bd64-284f1fcca3e2)."
            },
            {
                "id": "cce7042f-a003-411c-8840-fd9efd5adcff",
                "createdAt": "2020-04-14T19:19:33.498000+01:00",
                "message": "(service sotd-ecs-service) has reached a steady state."
            },
            {
                "id": "1b810363-1a31-4339-9f1a-506be5a1c78b",
                "createdAt": "2020-04-14T19:19:23.787000+01:00",
                "message": "(service sotd-ecs-service) has started 1 tasks: (task ec4d5be0-bd56-4df0-bd64-284f1fcca3e2)."
            },
            {
                "id": "ee413a39-cb15-4b21-987d-026a9aec5f41",
                "createdAt": "2020-04-14T19:19:14.470000+01:00",
                "message": "(service sotd-ecs-service) has stopped 1 running tasks: (task 6133ef60-c031-4ffc-a277-6ca3f8e2510a)."
            },
            {
                "id": "f59a3399-3347-4064-9607-7c60870f9d7e",
                "createdAt": "2020-04-14T19:18:28.959000+01:00",
                "message": "(service sotd-ecs-service) has started 1 tasks: (task 6133ef60-c031-4ffc-a277-6ca3f8e2510a)."
            },
            {
                "id": "21a704b3-31fd-4104-91ca-2a0ec2f32bc7",
                "createdAt": "2020-04-14T19:18:16.437000+01:00",
                "message": "(service sotd-ecs-service) has stopped 1 running tasks: (task c6939440-5c53-438b-b101-c8ce5820f479)."
            },
            {
                "id": "9bfb41ce-9b18-414a-a0dd-0e2af40322f4",
                "createdAt": "2020-04-14T19:17:17.613000+01:00",
                "message": "(service sotd-ecs-service) has reached a steady state."
            },
            {
                "id": "dca33ec9-7ba3-4c0a-a4fa-3f19f73616a7",
                "createdAt": "2020-04-14T19:17:07.099000+01:00",
                "message": "(service sotd-ecs-service) has started 1 tasks: (task c6939440-5c53-438b-b101-c8ce5820f479)."
            },
            {
                "id": "bdbcad82-be1e-4b69-9913-caef684e9b44",
                "createdAt": "2020-04-14T19:16:56.496000+01:00",
                "message": "(service sotd-ecs-service) has stopped 1 running tasks: (task 184aaa18-abe7-43ac-9d6b-aa6f25d2df2a)."
            },
            {
                "id": "949eb229-f45a-4a8d-be5f-3bb4cf1e71aa",
                "createdAt": "2020-04-14T18:25:24.468000+01:00",
                "message": "(service sotd-ecs-service) has reached a steady state."
            },
            {
                "id": "52b65fef-1250-4f70-ad75-0a2c7a093388",
                "createdAt": "2020-04-14T18:25:12.361000+01:00",
                "message": "(service sotd-ecs-service) has started 1 tasks: (task 184aaa18-abe7-43ac-9d6b-aa6f25d2df2a)."
            },
            {
                "id": "070d263b-8d3a-461e-8b4e-b205c7d64774",
                "createdAt": "2020-04-14T18:25:00.659000+01:00",
                "message": "(service sotd-ecs-service) has stopped 1 running tasks: (task 1f4913bf-fbb6-487f-9fc5-471ee046ff12)."
            },
            {
                "id": "c2654aea-30b7-4646-8c73-715d0ef40d3e",
                "createdAt": "2020-04-14T18:22:01.678000+01:00",
                "message": "(service sotd-ecs-service) has reached a steady state."
            },
            {
                "id": "01330094-644c-4f52-bc4a-f97eb255245d",
                "createdAt": "2020-04-14T18:21:49.306000+01:00",
                "message": "(service sotd-ecs-service) has started 1 tasks: (task 1f4913bf-fbb6-487f-9fc5-471ee046ff12)."
            },
            {
                "id": "3e734f74-e1da-48a6-b421-a00894882281",
                "createdAt": "2020-04-14T18:21:37.068000+01:00",
                "message": "(service sotd-ecs-service) has stopped 1 running tasks: (task 1aee71f6-480a-4d12-bf91-c463410fca41)."
            },
            {
                "id": "7f769869-6a02-4616-b13e-03a4c94b5e4c",
                "createdAt": "2020-04-14T12:51:18.511000+01:00",
                "message": "(service sotd-ecs-service) has reached a steady state."
            },
            {
                "id": "50f10fe1-1880-4909-a954-a677e4ee1a18",
                "createdAt": "2020-04-14T06:51:03.524000+01:00",
                "message": "(service sotd-ecs-service) has reached a steady state."
            },
            {
                "id": "0991dd1a-bb29-43dd-b257-a8b20b44a0ff",
                "createdAt": "2020-04-14T00:50:52.785000+01:00",
                "message": "(service sotd-ecs-service) has reached a steady state."
            },
            {
                "id": "85737b30-9466-4c32-a0f0-bfd7bbb1e137",
                "createdAt": "2020-04-13T18:50:45.019000+01:00",
                "message": "(service sotd-ecs-service) has reached a steady state."
            },
            {
                "id": "d8720092-17da-4105-b578-50dc5d4e318c",
                "createdAt": "2020-04-13T18:50:35.564000+01:00",
                "message": "(service sotd-ecs-service) has started 1 tasks: (task 1aee71f6-480a-4d12-bf91-c463410fca41)."
            },
            {
                "id": "4bcffafd-1cb8-40b4-af52-b9fafac118b6",
                "createdAt": "2020-04-13T18:50:24.609000+01:00",
                "message": "(service sotd-ecs-service) has stopped 1 running tasks: (task f9a4d144-2dea-4b67-a1a5-60cf8d840b6b)."
            },
            {
                "id": "0ae22d9e-a4a2-4e88-b015-a8f99a781abb",
                "createdAt": "2020-04-13T14:17:57.395000+01:00",
                "message": "(service sotd-ecs-service) has reached a steady state."
            },
            {
                "id": "faab1e87-0a05-4c54-9545-f690b9368a73",
                "createdAt": "2020-04-13T14:17:48.010000+01:00",
                "message": "(service sotd-ecs-service) has started 1 tasks: (task f9a4d144-2dea-4b67-a1a5-60cf8d840b6b)."
            },
            {
                "id": "e6bc58ab-4c81-4ffd-bcb4-cca4a8475e7c",
                "createdAt": "2020-04-13T14:17:37.789000+01:00",
                "message": "(service sotd-ecs-service) has stopped 1 running tasks: (task cfcf7adc-2526-4264-bf70-b017d54e8354)."
            },
            {
                "id": "8664f50d-71a9-44b8-b6b2-3e465efb8cd1",
                "createdAt": "2020-04-13T14:05:09.399000+01:00",
                "message": "(service sotd-ecs-service) has reached a steady state."
            },
            {
                "id": "12002305-d361-4dd6-84f8-0845e775376c",
                "createdAt": "2020-04-13T14:05:00.386000+01:00",
                "message": "(service sotd-ecs-service) has started 1 tasks: (task cfcf7adc-2526-4264-bf70-b017d54e8354)."
            },
            {
                "id": "8dc54555-fe74-4d75-af5d-c6614cbb4f38",
                "createdAt": "2020-04-13T14:04:48.487000+01:00",
                "message": "(service sotd-ecs-service) has stopped 1 running tasks: (task 8b592906-7567-414b-859d-4883da508f72)."
            },
            {
                "id": "3daf83d7-0dda-4c9a-8566-d01cc2eec6bc",
                "createdAt": "2020-04-13T14:04:10.917000+01:00",
                "message": "(service sotd-ecs-service) has reached a steady state."
            },
            {
                "id": "d0743be0-76e4-483e-874a-50a0b67d5562",
                "createdAt": "2020-04-13T14:03:59.302000+01:00",
                "message": "(service sotd-ecs-service) has started 1 tasks: (task 8b592906-7567-414b-859d-4883da508f72)."
            },
            {
                "id": "cfed76ce-cbcd-406f-ae94-1e16b49df595",
                "createdAt": "2020-04-13T14:03:46.911000+01:00",
                "message": "(service sotd-ecs-service) has stopped 1 running tasks: (task 260f3c80-a424-4856-b7e6-aac627feb9d2)."
            },
            {
                "id": "91d57f91-3128-4f7e-80dc-39acb5cbf413",
                "createdAt": "2020-04-13T13:58:35.336000+01:00",
                "message": "(service sotd-ecs-service) has reached a steady state."
            },
            {
                "id": "e1a4b83d-da59-4b6a-8c32-41152c98c809",
                "createdAt": "2020-04-13T13:58:26.262000+01:00",
                "message": "(service sotd-ecs-service) has started 1 tasks: (task 260f3c80-a424-4856-b7e6-aac627feb9d2)."
            },
            {
                "id": "c7322f8d-d7c1-4387-b165-4e150f5a83da",
                "createdAt": "2020-04-13T13:58:14.933000+01:00",
                "message": "(service sotd-ecs-service) has stopped 1 running tasks: (task 485ae5f7-c5ce-4e86-8ca0-a54bb9d328e6)."
            },
            {
                "id": "b797d19a-7041-46d1-b9a4-2a385e129fb4",
                "createdAt": "2020-04-13T12:12:39.367000+01:00",
                "message": "(service sotd-ecs-service) has reached a steady state."
            },
            {
                "id": "60d4dd81-cf00-4159-9925-821f73aeeb5e",
                "createdAt": "2020-04-13T06:12:20.606000+01:00",
                "message": "(service sotd-ecs-service) has reached a steady state."
            },
            {
                "id": "6599b109-8895-4093-85b4-cf8a7642314f",
                "createdAt": "2020-04-13T00:12:07.904000+01:00",
                "message": "(service sotd-ecs-service) has reached a steady state."
            },
            {
                "id": "aa07f479-6535-4a67-af96-57052b6a154d",
                "createdAt": "2020-04-12T18:11:52.210000+01:00",
                "message": "(service sotd-ecs-service) has reached a steady state."
            },
            {
                "id": "64a17903-ec54-4df1-bb4b-09fb8a02389a",
                "createdAt": "2020-04-12T12:11:46.014000+01:00",
                "message": "(service sotd-ecs-service) has reached a steady state."
            },
            {
                "id": "2fe9473c-7356-4268-8f5b-7b8d1cdf242b",
                "createdAt": "2020-04-12T06:11:14.044000+01:00",
                "message": "(service sotd-ecs-service) has reached a steady state."
            },
            {
                "id": "025c44ca-6446-44ec-a4ca-133aadc97a86",
                "createdAt": "2020-04-12T00:10:41.399000+01:00",
                "message": "(service sotd-ecs-service) has reached a steady state."
            },
            {
                "id": "4c20d9ff-2030-41ad-b54f-c634da9de609",
                "createdAt": "2020-04-11T18:10:28.922000+01:00",
                "message": "(service sotd-ecs-service) has reached a steady state."
            },
            {
                "id": "b256e3dc-2756-447d-a411-b61211b303bb",
                "createdAt": "2020-04-11T18:10:18.639000+01:00",
                "message": "(service sotd-ecs-service) has started 1 tasks: (task 485ae5f7-c5ce-4e86-8ca0-a54bb9d328e6)."
            },
            {
                "id": "693654f7-2d27-43e6-94c7-18c278704a4e",
                "createdAt": "2020-04-11T18:10:11.326000+01:00",
                "message": "(service sotd-ecs-service) has started 1 tasks: (task 5e00542b-f7aa-4955-aab0-28fc7acb11c0)."
            },
            {
                "id": "79e5371d-985c-43be-8362-0b0015573f3e",
                "createdAt": "2020-04-11T18:10:01.508000+01:00",
                "message": "(service sotd-ecs-service) has started 1 tasks: (task cf5c561b-3cf1-47f1-91ea-da544f6c495a)."
            },
            {
                "id": "bc01a98f-4222-49aa-8ab0-390a618670d8",
                "createdAt": "2020-04-11T18:09:52.292000+01:00",
                "message": "(service sotd-ecs-service) has started 1 tasks: (task eb24cb13-a16f-406e-9c97-c058012045c3)."
            },
            {
                "id": "b96e823c-a2ba-4ec2-b312-39c6a7d0348f",
                "createdAt": "2020-04-11T18:09:46.688000+01:00",
                "message": "(service sotd-ecs-service) has started 1 tasks: (task cac89bf0-ff6e-45b2-b3ed-86502949fefc)."
            },
            {
                "id": "1840bfca-1c29-4434-a0e4-20fd0cfe3e79",
                "createdAt": "2020-04-11T18:09:37.879000+01:00",
                "message": "(service sotd-ecs-service) has started 1 tasks: (task 0b206a56-65a8-44bd-a693-cb68d592cf01)."
            },
            {
                "id": "d8e8f2a0-90ec-47c5-b502-4a9a464312ea",
                "createdAt": "2020-04-11T18:09:28.582000+01:00",
                "message": "(service sotd-ecs-service) has started 1 tasks: (task be2aeeda-97c6-4210-b380-f57b082bfc01)."
            },
            {
                "id": "efb228c5-742c-4cd9-b186-ccc5e30ebc8b",
                "createdAt": "2020-04-11T18:09:19.154000+01:00",
                "message": "(service sotd-ecs-service) has started 1 tasks: (task aa09cb57-ce2d-4ba8-8f16-35fba0834702)."
            },
            {
                "id": "57ef8cd2-c4d9-4a42-83bc-062feb563ce2",
                "createdAt": "2020-04-11T18:09:09.860000+01:00",
                "message": "(service sotd-ecs-service) has started 1 tasks: (task 883df3ca-7eb5-4ebd-8d6e-a42fff91e564)."
            },
            {
                "id": "2c588bc3-231e-4467-804f-d6b9729744c8",
                "createdAt": "2020-04-11T18:08:58.928000+01:00",
                "message": "(service sotd-ecs-service) has started 1 tasks: (task ca26ee9c-caf8-4835-8e50-7449cb9718f3)."
            },
            {
                "id": "8d3781d8-9849-401f-9332-1665f3539db2",
                "createdAt": "2020-04-11T18:08:48.757000+01:00",
                "message": "(service sotd-ecs-service) has started 1 tasks: (task 538652c2-83d0-4a55-8b72-f88ffe78a644)."
            },
            {
                "id": "c580c3dd-5889-4f13-aa64-c7c7fac0458e",
                "createdAt": "2020-04-11T18:08:42.412000+01:00",
                "message": "(service sotd-ecs-service) has started 1 tasks: (task 09ba01cd-d077-4a46-ba60-6a2efcc8823b)."
            },
            {
                "id": "531f468d-c586-4950-91ee-7add80944988",
                "createdAt": "2020-04-11T18:08:36.312000+01:00",
                "message": "(service sotd-ecs-service) has started 1 tasks: (task 44d656dc-f0c7-447f-8cc6-36bed0b7c973)."
            },
            {
                "id": "39605a16-1ab5-449e-8680-5713a56ccc44",
                "createdAt": "2020-04-11T18:08:26.588000+01:00",
                "message": "(service sotd-ecs-service) has started 1 tasks: (task 7b9a704b-4c06-46fa-9b82-f3140f60e7c6)."
            },
            {
                "id": "569a4bac-29fa-4c2f-a01a-118b4d3e16c3",
                "createdAt": "2020-04-11T18:08:17.567000+01:00",
                "message": "(service sotd-ecs-service) has started 1 tasks: (task 17572c92-ad65-4767-b5d0-905c945164a1)."
            },
            {
                "id": "18b3d8ac-274f-4d39-9fb6-855adc5f2614",
                "createdAt": "2020-04-11T18:08:07.352000+01:00",
                "message": "(service sotd-ecs-service) has started 1 tasks: (task 8f0e3738-4a70-4f11-b157-022e4d9db9c8)."
            },
            {
                "id": "f8a76f09-ab2b-4781-9511-e8fea4b024c0",
                "createdAt": "2020-04-11T18:07:58.056000+01:00",
                "message": "(service sotd-ecs-service) has started 1 tasks: (task e571d4b3-b683-4f92-872a-383c312887ef)."
            },
            {
                "id": "a702550b-9381-4349-b9bc-68a306498234",
                "createdAt": "2020-04-11T18:07:47.322000+01:00",
                "message": "(service sotd-ecs-service) has started 1 tasks: (task ad71ecc0-409d-4f34-9127-296f0e796b72)."
            },
            {
                "id": "2a755cdb-3612-496c-a3d4-f06b8368a141",
                "createdAt": "2020-04-11T18:07:37.113000+01:00",
                "message": "(service sotd-ecs-service) has started 1 tasks: (task 5b4b4b4b-ebbd-4d91-8b18-cce91ede818d)."
            },
            {
                "id": "33efd0f0-4d45-4343-8951-8fbc3069b60d",
                "createdAt": "2020-04-11T18:07:27.305000+01:00",
                "message": "(service sotd-ecs-service) has started 1 tasks: (task 3667e270-59ad-4934-b7c8-f944bcaf4132)."
            },
            {
                "id": "27d65593-7a62-4494-bb46-b768751f1012",
                "createdAt": "2020-04-11T18:07:18.385000+01:00",
                "message": "(service sotd-ecs-service) has started 1 tasks: (task 5c49ea11-f408-4af8-9d3a-45b95417a283)."
            },
            {
                "id": "bed740f1-edb8-4155-b28e-2be0866c395a",
                "createdAt": "2020-04-11T18:07:09.193000+01:00",
                "message": "(service sotd-ecs-service) has started 1 tasks: (task 9a4753b3-ac2f-4a00-af88-252fa9451741)."
            },
            {
                "id": "22bfa0db-452d-40c1-b7a8-b0332a6155a5",
                "createdAt": "2020-04-11T18:06:58.761000+01:00",
                "message": "(service sotd-ecs-service) has started 1 tasks: (task 16ad3ed3-5077-4b07-9139-1a930bb3841a)."
            },
            {
                "id": "34c24bca-ea48-4a31-8286-a3d4ebf8cbbd",
                "createdAt": "2020-04-11T18:06:48.645000+01:00",
                "message": "(service sotd-ecs-service) has started 1 tasks: (task fae5d353-1a3d-4fe8-88e2-4c33162a3aa5)."
            },
            {
                "id": "c58b435d-13cd-43ee-a5fa-949d5d83c672",
                "createdAt": "2020-04-11T18:06:38.327000+01:00",
                "message": "(service sotd-ecs-service) has started 1 tasks: (task 9c213ef1-e064-46a9-9340-b0730d567157)."
            },
            {
                "id": "97b1498a-c333-42a5-ab18-4690e17c9762",
                "createdAt": "2020-04-11T18:06:36.029000+01:00",
                "message": "(service sotd-ecs-service) has started 1 tasks: (task af9ba953-ff0c-4436-9482-9aa0c6906e6d)."
            },
            {
                "id": "5a72f119-e19b-46d4-88f5-1efa9ceeffba",
                "createdAt": "2020-04-11T18:06:26.717000+01:00",
                "message": "(service sotd-ecs-service) has started 1 tasks: (task 459a821c-7d24-4b2d-b8cc-f65789780c45)."
            },
            {
                "id": "4ec3f14e-6750-4552-9549-37f94ddf5e42",
                "createdAt": "2020-04-11T18:06:17.303000+01:00",
                "message": "(service sotd-ecs-service) has started 1 tasks: (task 03cb7e48-2593-430d-b8c7-726619f46a9d)."
            },
            {
                "id": "57a7f8f2-e0f8-4319-adba-8b4725f5f7df",
                "createdAt": "2020-04-11T18:06:08.506000+01:00",
                "message": "(service sotd-ecs-service) has started 1 tasks: (task 7a3d330d-885e-458b-8034-782915743026)."
            },
            {
                "id": "de7953f6-edf5-4f4d-ae38-6af0d0036187",
                "createdAt": "2020-04-11T18:05:59.080000+01:00",
                "message": "(service sotd-ecs-service) has started 1 tasks: (task f7e5166f-a149-47c8-8735-6dc05ca1b62d)."
            },
            {
                "id": "d6300313-2eac-424e-a84b-3a2ade10ea82",
                "createdAt": "2020-04-11T18:05:48.369000+01:00",
                "message": "(service sotd-ecs-service) has started 1 tasks: (task 7c79fb23-0ee0-4129-bbf6-369c52b094c5)."
            },
            {
                "id": "e9b48300-7390-424e-ab39-529e65c70d50",
                "createdAt": "2020-04-11T18:05:17.804000+01:00",
                "message": "(service sotd-ecs-service) has reached a steady state."
            },
            {
                "id": "7c8fd2a5-bd61-49fc-be1d-5a989a8b50b8",
                "createdAt": "2020-04-11T18:05:15.925000+01:00",
                "message": "(service sotd-ecs-service) has started 1 tasks: (task e1f0af76-08cd-453f-a797-5fd5d538a029)."
            },
            {
                "id": "d1a032c4-3ed2-47dd-8e2b-cc2cd110ffa2",
                "createdAt": "2020-04-11T18:05:06.831000+01:00",
                "message": "(service sotd-ecs-service) has started 1 tasks: (task 565d2daf-542a-4c1a-9beb-f5b62786cffd)."
            },
            {
                "id": "502959b4-d195-47c4-93c9-a4c2214e5989",
                "createdAt": "2020-04-11T18:04:57.707000+01:00",
                "message": "(service sotd-ecs-service) has started 1 tasks: (task d9e9c841-8f7e-4d1a-af6b-2dd7b372af62)."
            },
            {
                "id": "0a720604-fde0-4449-aee7-534493244aa5",
                "createdAt": "2020-04-11T18:04:47.187000+01:00",
                "message": "(service sotd-ecs-service) has started 1 tasks: (task a35def32-829e-49c0-95c4-b7821a4aff4f)."
            },
            {
                "id": "679a2004-367b-41cb-ba61-9bacd39caff0",
                "createdAt": "2020-04-11T18:04:39.172000+01:00",
                "message": "(service sotd-ecs-service) has started 1 tasks: (task 7686f34e-78d0-40e3-9706-6383461948ad)."
            }
        ],
        "createdAt": "2020-04-11T17:54:04.296000+01:00",
        "placementConstraints": [],
        "placementStrategy": [],
        "schedulingStrategy": "DAEMON",
        "enableECSManagedTags": false,
        "propagateTags": "NONE"
    }
}
